#
# There is insufficient memory for the Java Runtime Environment to continue.
# Native memory allocation (mmap) failed to map 4128768 bytes. Error detail: G1 virtual space
# Possible reasons:
#   The system is out of physical RAM or swap space
#   This process is running with CompressedOops enabled, and the Java Heap may be blocking the growth of the native heap
# Possible solutions:
#   Reduce memory load on the system
#   Increase physical memory or swap space
#   Check if swap backing store is full
#   Decrease Java heap size (-Xmx/-Xms)
#   Decrease number of Java threads
#   Decrease Java thread stack sizes (-Xss)
#   Set larger code cache with -XX:ReservedCodeCacheSize=
#   JVM is running with Unscaled Compressed Oops mode in which the Java heap is
#     placed in the first 4GB address space. The Java Heap base address is the
#     maximum limit for the native heap growth. Please use -XX:HeapBaseMinAddress
#     to set the Java Heap base and to place the Java Heap above 4GB virtual address.
# This output file may be truncated or incomplete.
#
#  Out of Memory Error (os_windows.cpp:3613), pid=43324, tid=38148
#
# JRE version:  (17.0.11+9) (build )
# Java VM: OpenJDK 64-Bit Server VM (17.0.11+9-LTS, mixed mode, sharing, tiered, compressed oops, compressed class ptrs, g1 gc, windows-amd64)
# No core dump will be written. Minidumps are not enabled by default on client versions of Windows
#

---------------  S U M M A R Y ------------

Command Line: -Dorg.gradle.internal.worker.tmpdir=D:\3130\A3\AppleCommander\lib\ac-api\build\tmp\test\work -Dorg.gradle.native=false --add-opens=java.base/java.util=ALL-UNNAMED --add-opens=java.base/java.lang=ALL-UNNAMED -Xmx512m -Dfile.encoding=GBK -Duser.country=CN -Duser.language=zh -Duser.variant -ea worker.org.gradle.process.internal.worker.GradleWorkerMain 'Gradle Test Executor 16'

Host: 12th Gen Intel(R) Core(TM) i7-12700H, 20 cores, 15G,  Windows 11 , 64 bit Build 22621 (10.0.22621.3672)
Time: Tue Jul  2 03:56:25 2024  Windows 11 , 64 bit Build 22621 (10.0.22621.3672) elapsed time: 0.008980 seconds (0d 0h 0m 0s)

---------------  T H R E A D  ---------------

Current thread (0x0000024a1fcae900):  JavaThread "Unknown thread" [_thread_in_vm, id=38148, stack(0x000000c6dfe00000,0x000000c6dff00000)]

Stack: [0x000000c6dfe00000,0x000000c6dff00000]
Native frames: (J=compiled Java code, j=interpreted, Vv=VM code, C=native code)
V  [jvm.dll+0x67d009]
V  [jvm.dll+0x83489a]
V  [jvm.dll+0x83635e]
V  [jvm.dll+0x8369c3]
V  [jvm.dll+0x2479df]
V  [jvm.dll+0x679e49]
V  [jvm.dll+0x66e8ba]
V  [jvm.dll+0x30755b]
V  [jvm.dll+0x30ea06]
V  [jvm.dll+0x35e423]
V  [jvm.dll+0x35e63f]
V  [jvm.dll+0x2de298]
V  [jvm.dll+0x2df204]
V  [jvm.dll+0x806221]
V  [jvm.dll+0x36c161]
V  [jvm.dll+0x7e4c56]
V  [jvm.dll+0x3ef9cf]
V  [jvm.dll+0x3f1521]
C  [jli.dll+0x528f]
C  [ucrtbase.dll+0x29333]
C  [KERNEL32.DLL+0x1257d]
C  [ntdll.dll+0x5af28]


---------------  P R O C E S S  ---------------

Threads class SMR info:
_java_thread_list=0x00007ffc4795eed8, length=0, elements={
}

Java Threads: ( => current thread )

Other Threads:
  0x0000024a1fcdf100 GCTaskThread "GC Thread#0" [stack: 0x000000c6dff00000,0x000000c6e0000000] [id=37472]
  0x0000024a1fce3f50 ConcurrentGCThread "G1 Main Marker" [stack: 0x000000c6e0000000,0x000000c6e0100000] [id=33044]
  0x0000024a1fce5010 ConcurrentGCThread "G1 Conc#0" [stack: 0x000000c6e0100000,0x000000c6e0200000] [id=12236]

[error occurred during error reporting (printing all threads), id 0xc0000005, EXCEPTION_ACCESS_VIOLATION (0xc0000005) at pc=0x00007ffc4711ecd7]

VM state: not at safepoint (not fully initialized)

VM Mutex/Monitor currently owned by a thread:  ([mutex/lock_event])
[0x0000024a1fcaa1f0] Heap_lock - owner thread: 0x0000024a1fcae900

Heap address: 0x00000000e0000000, size: 512 MB, Compressed Oops mode: 32-bit

CDS archive(s) mapped at: [0x0000000000000000-0x0000000000000000-0x0000000000000000), size 0, SharedBaseAddress: 0x0000000800000000, ArchiveRelocationMode: 1.
Narrow klass base: 0x0000000000000000, Narrow klass shift: 0, Narrow klass range: 0x0

GC Precious Log:
<Empty>

Heap:
 garbage-first heap   total 0K, used 0K [0x00000000e0000000, 0x0000000100000000)
  region size 1024K, 0 young (0K), 0 survivors (0K)

[error occurred during error reporting (printing heap information), id 0xc0000005, EXCEPTION_ACCESS_VIOLATION (0xc0000005) at pc=0x00007ffc47506d29]

GC Heap History (0 events):
No events

Dll operation events (1 events):
Event: 0.005 Loaded shared library C:\Users\27776\.jdks\corretto-17.0.11\bin\java.dll

Deoptimization events (0 events):
No events

Classes unloaded (0 events):
No events

Classes redefined (0 events):
No events

Internal exceptions (0 events):
No events

VM Operations (0 events):
No events

Events (0 events):
No events


Dynamic libraries:
0x00007ff60a2b0000 - 0x00007ff60a2be000 	C:\Users\27776\.jdks\corretto-17.0.11\bin\java.exe
0x00007ffd0b0b0000 - 0x00007ffd0b2c7000 	C:\WINDOWS\SYSTEM32\ntdll.dll
0x00007ffd09390000 - 0x00007ffd09454000 	C:\WINDOWS\System32\KERNEL32.DLL
0x00007ffd08850000 - 0x00007ffd08bfc000 	C:\WINDOWS\System32\KERNELBASE.dll
0x00007ffd08cd0000 - 0x00007ffd08de1000 	C:\WINDOWS\System32\ucrtbase.dll
0x00007ffcddcc0000 - 0x00007ffcddcd7000 	C:\Users\27776\.jdks\corretto-17.0.11\bin\jli.dll
0x00007ffcd3550000 - 0x00007ffcd356b000 	C:\Users\27776\.jdks\corretto-17.0.11\bin\VCRUNTIME140.dll
0x00007ffd09f90000 - 0x00007ffd0a13e000 	C:\WINDOWS\System32\USER32.dll
0x00007ffd08c00000 - 0x00007ffd08c26000 	C:\WINDOWS\System32\win32u.dll
0x00007ffceebb0000 - 0x00007ffceee43000 	C:\WINDOWS\WinSxS\amd64_microsoft.windows.common-controls_6595b64144ccf1df_6.0.22621.3672_none_2713b9d173822955\COMCTL32.dll
0x00007ffd0a140000 - 0x00007ffd0a169000 	C:\WINDOWS\System32\GDI32.dll
0x00007ffd08df0000 - 0x00007ffd08e97000 	C:\WINDOWS\System32\msvcrt.dll
0x00007ffd083e0000 - 0x00007ffd084f9000 	C:\WINDOWS\System32\gdi32full.dll
0x00007ffd08c30000 - 0x00007ffd08cca000 	C:\WINDOWS\System32\msvcp_win.dll
0x00007ffd09630000 - 0x00007ffd09661000 	C:\WINDOWS\System32\IMM32.DLL
0x00007ffcde440000 - 0x00007ffcde44c000 	C:\Users\27776\.jdks\corretto-17.0.11\bin\vcruntime140_1.dll
0x00007ffc9b720000 - 0x00007ffc9b7ad000 	C:\Users\27776\.jdks\corretto-17.0.11\bin\msvcp140.dll
0x00007ffc46e30000 - 0x00007ffc47a92000 	C:\Users\27776\.jdks\corretto-17.0.11\bin\server\jvm.dll
0x00007ffd0afb0000 - 0x00007ffd0b062000 	C:\WINDOWS\System32\ADVAPI32.dll
0x00007ffd08f90000 - 0x00007ffd0903a000 	C:\WINDOWS\System32\sechost.dll
0x00007ffd08730000 - 0x00007ffd08758000 	C:\WINDOWS\System32\bcrypt.dll
0x00007ffd09040000 - 0x00007ffd09155000 	C:\WINDOWS\System32\RPCRT4.dll
0x00007ffcffa70000 - 0x00007ffcffaa4000 	C:\WINDOWS\SYSTEM32\WINMM.dll
0x00007ffcfe920000 - 0x00007ffcfe92a000 	C:\WINDOWS\SYSTEM32\VERSION.dll
0x00007ffccd040000 - 0x00007ffccd049000 	C:\WINDOWS\SYSTEM32\WSOCK32.dll
0x00007ffd097f0000 - 0x00007ffd09861000 	C:\WINDOWS\System32\WS2_32.dll
0x00007ffd07270000 - 0x00007ffd072bd000 	C:\WINDOWS\SYSTEM32\POWRPROF.dll
0x00007ffd07250000 - 0x00007ffd07263000 	C:\WINDOWS\SYSTEM32\UMPDC.dll
0x00007ffd07500000 - 0x00007ffd07518000 	C:\WINDOWS\SYSTEM32\kernel.appcore.dll
0x00007ffcddcb0000 - 0x00007ffcddcba000 	C:\Users\27776\.jdks\corretto-17.0.11\bin\jimage.dll
0x00007ffd05c40000 - 0x00007ffd05e72000 	C:\WINDOWS\SYSTEM32\DBGHELP.DLL
0x00007ffd09a50000 - 0x00007ffd09dd8000 	C:\WINDOWS\System32\combase.dll
0x00007ffd094c0000 - 0x00007ffd09597000 	C:\WINDOWS\System32\OLEAUT32.dll
0x00007ffcfe380000 - 0x00007ffcfe3b2000 	C:\WINDOWS\SYSTEM32\dbgcore.DLL
0x00007ffd087d0000 - 0x00007ffd0884b000 	C:\WINDOWS\System32\bcryptPrimitives.dll
0x00007ffcd2c40000 - 0x00007ffcd2c65000 	C:\Users\27776\.jdks\corretto-17.0.11\bin\java.dll

dbghelp: loaded successfully - version: 4.0.5 - missing functions: none
symbol engine: initialized successfully - sym options: 0x614 - pdb path: .;C:\Users\27776\.jdks\corretto-17.0.11\bin;C:\WINDOWS\SYSTEM32;C:\WINDOWS\WinSxS\amd64_microsoft.windows.common-controls_6595b64144ccf1df_6.0.22621.3672_none_2713b9d173822955;C:\Users\27776\.jdks\corretto-17.0.11\bin\server

VM Arguments:
jvm_args: -Dorg.gradle.internal.worker.tmpdir=D:\3130\A3\AppleCommander\lib\ac-api\build\tmp\test\work -Dorg.gradle.native=false --add-opens=java.base/java.util=ALL-UNNAMED --add-opens=java.base/java.lang=ALL-UNNAMED -Xmx512m -Dfile.encoding=GBK -Duser.country=CN -Duser.language=zh -Duser.variant -ea 
java_command: worker.org.gradle.process.internal.worker.GradleWorkerMain 'Gradle Test Executor 16'
java_class_path (initial): C:\\Users\\27776\\.gradle\\caches\\7.3.1\\workerMain\\gradle-worker.jar;D:\\3130\\A3\\AppleCommander\\lib\\ac-api\\build\\classes\\java\\test;D:\\3130\\A3\\AppleCommander\\lib\\ac-api\\build\\resources\\test;D:\\3130\\A3\\AppleCommander\\lib\\ac-api\\build\\classes\\java\\main;D:\\3130\\A3\\AppleCommander\\lib\\ac-api\\build\\resources\\main;C:\\Users\\27776\\.gradle\\caches\\modules-2\\files-2.1\\net.sf.applecommander\\ShrinkItArchive\\1.2.2\\4522126f0f1fc0643828216c9673483b0f45b3cc\\ShrinkItArchive-1.2.2.jar;C:\\Users\\27776\\.gradle\\caches\\modules-2\\files-2.1\\net.sf.applecommander\\acdasm\\0.5.0\\fa725edde8c2705b6290ba9f8cc5926194a83db1\\acdasm-0.5.0.jar;C:\\Users\\27776\\.gradle\\caches\\modules-2\\files-2.1\\net.sf.applecommander\\bastools-api\\0.4.0\\2fbe12e43b9519cf0be00df6d9ff63bec161aa73\\bastools-api-0.4.0.jar;C:\\Users\\27776\\.gradle\\caches\\modules-2\\files-2.1\\org.apache.commons\\commons-csv\\1.8\\37ca9a9aa2d4be2599e55506a6d3170dd7a3df4\\commons-csv-1.8.jar;C:\\Users\\27776\\.gradle\\caches\\modules-2\\files-2.1\\com.google.code.gson\\gson\\2.8.9\\8a432c1d6825781e21a02db2e2c33c5fde2833b9\\gson-2.8.9.jar;C:\\Users\\27776\\.gradle\\caches\\modules-2\\files-2.1\\junit\\junit\\4.13.1\\cdd00374f1fee76b11e2a9d127405aa3f6be5b6a\\junit-4.13.1.jar;C:\\Users\\27776\\.gradle\\caches\\modules-2\\files-2.1\\org.ini4j\\ini4j\\0.5.4\\4a3ee4146a90c619b20977d65951825f5675b560\\ini4j-0.5.4.jar;C:\\Users\\27776\\.gradle\\caches\\modules-2\\files-2.1\\org.hamcrest\\hamcrest-core\\1.3\\42a25dc3219429f0e5d060061f71acb49bf010a0\\hamcrest-core-1.3.jar
Launcher Type: SUN_STANDARD

[Global flags]
     intx CICompilerCount                          = 12                                        {product} {ergonomic}
     uint ConcGCThreads                            = 4                                         {product} {ergonomic}
     uint G1ConcRefinementThreads                  = 15                                        {product} {ergonomic}
   size_t G1HeapRegionSize                         = 1048576                                   {product} {ergonomic}
    uintx GCDrainStackTargetSize                   = 64                                        {product} {ergonomic}
   size_t InitialHeapSize                          = 264241152                                 {product} {ergonomic}
   size_t MarkStackSize                            = 4194304                                   {product} {ergonomic}
   size_t MaxHeapSize                              = 536870912                                 {product} {command line}
   size_t MinHeapDeltaBytes                        = 1048576                                   {product} {ergonomic}
   size_t MinHeapSize                              = 8388608                                   {product} {ergonomic}
    uintx NonNMethodCodeHeapSize                   = 7602480                                {pd product} {ergonomic}
    uintx NonProfiledCodeHeapSize                  = 122027880                              {pd product} {ergonomic}
    uintx ProfiledCodeHeapSize                     = 122027880                              {pd product} {ergonomic}
    uintx ReservedCodeCacheSize                    = 251658240                              {pd product} {ergonomic}
     bool SegmentedCodeCache                       = true                                      {product} {ergonomic}
   size_t SoftMaxHeapSize                          = 536870912                              {manageable} {ergonomic}
     bool UseCompressedClassPointers               = true                           {product lp64_product} {ergonomic}
     bool UseCompressedOops                        = true                           {product lp64_product} {ergonomic}
     bool UseG1GC                                  = true                                      {product} {ergonomic}
     bool UseLargePagesIndividualAllocation        = false                                  {pd product} {ergonomic}

Logging:
Log output configuration:
 #0: stdout all=warning uptime,level,tags
 #1: stderr all=off uptime,level,tags

Environment Variables:
JAVA_HOME=D:\JDK22
PATH=C:\Python312\Scripts\;C:\Python312\;C:\Program Files\NVIDIA GPU Computing Toolkit\CUDA\v11.8\bin;C:\Program Files\NVIDIA GPU Computing Toolkit\CUDA\v11.8\libnvvp;C:\Windows\system32;C:\Windows;C:\Windows\System32\Wbem;C:\Windows\System32\WindowsPowerShell\v1.0\;C:\Windows\System32\OpenSSH\;C:\Program Files (x86)\NVIDIA Corporation\PhysX\Common;C:\Program Files\NVIDIA Corporation\NVIDIA NvDLISR;C:\Program Files\dotnet\;C:\Program Files\NVIDIA Corporation\Nsight Compute 2022.3.0\;C:\WINDOWS\system32;C:\WINDOWS;C:\WINDOWS\System32\Wbem;C:\WINDOWS\System32\WindowsPowerShell\v1.0\;C:\WINDOWS\System32\OpenSSH\;C:\Program Files\Git\cmd;D:\PuTTY\;D:\Node\;C:\ProgramData\chocolatey\bin;D:\JDK22\bin;C:\Program Files\MySQL\MySQL Shell 8.0\bin\;C:\Users\27776\AppData\Local\Programs\Python\Python310\Scripts\;C:\Users\27776\AppData\Local\Programs\Python\Python310\;C:\Users\27776\AppData\Local\Microsoft\WindowsApps;C:\Users\27776\AppData\Local\Programs\Microsoft VS Code\bin;D:\MikTex\miktex\bin\x64\;D:\openSSL\nasm-2.16.02-win64\nasm-2.16.02;D:\openSSL\strawberry-perl-5.32.1.1-64bit\perl\bin;C:\Users\27776\AppData\Local\Microsoft\WinGet\Links;C:\Users\27776\AppData\Roaming\npm;D:\Node;D:\Maven\apache-maven-3.9.7-bin\apache-maven-3.9.7\bin;
USERNAME=27776
OS=Windows_NT
PROCESSOR_IDENTIFIER=Intel64 Family 6 Model 154 Stepping 3, GenuineIntel
TMP=C:\Users\27776\AppData\Local\Temp
TEMP=C:\Users\27776\AppData\Local\Temp



Periodic native trim disabled


---------------  S Y S T E M  ---------------

OS:
 Windows 11 , 64 bit Build 22621 (10.0.22621.3672)
OS uptime: 2 days 7:12 hours

CPU: total 20 (initial active 20) (10 cores per cpu, 2 threads per core) family 6 model 154 stepping 3 microcode 0x429, cx8, cmov, fxsr, ht, mmx, 3dnowpref, sse, sse2, sse3, ssse3, sse4.1, sse4.2, popcnt, lzcnt, tsc, tscinvbit, avx, avx2, aes, erms, clmul, bmi1, bmi2, adx, sha, fma, vzeroupper, clflush, clflushopt, clwb
Processor Information for all 20 processors :
  Max Mhz: 2300, Current Mhz: 2300, Mhz Limit: 2300

Memory: 4k page, system-wide physical 16004M (3844M free)
TotalPageFile size 21346M (AvailPageFile size 6M)
current process WorkingSet (physical memory assigned to process): 12M, peak: 12M
current process commit charge ("private bytes"): 326M, peak: 330M

vm_info: OpenJDK 64-Bit Server VM (17.0.11+9-LTS) for windows-amd64 JRE (17.0.11+9-LTS), built on Apr 10 2024 22:12:24 by "Administrator" with MS VC++ 16.10 / 16.11 (VS2019)

END.
